# JRE version: OpenJDK Runtime Environment (8.0_212-b04) (build 1.8.0_212-release-1586-b04)
# Java VM: OpenJDK 64-Bit Server VM (25.212-b04 mixed mode windows-amd64 compressed oops)
Heap:
 PSYoungGen      total 249856K, used 73338K [0x00000000e0000000, 0x00000000f1000000, 0x0000000100000000)
  eden space 222208K, 26% used [0x00000000e0000000,0x00000000e3a07a18,0x00000000ed900000)
  from space 27648K, 50% used [0x00000000ef500000,0x00000000f0296df8,0x00000000f1000000)
  to   space 28160K, 0% used [0x00000000ed900000,0x00000000ed900000,0x00000000ef480000)
 ParOldGen       total 136192K, used 58481K [0x00000000a0000000, 0x00000000a8500000, 0x00000000e0000000)
  object space 136192K, 42% used [0x00000000a0000000,0x00000000a391c440,0x00000000a8500000)
 Metaspace       used 84976K, capacity 89450K, committed 89472K, reserved 1126400K
  class space    used 11246K, capacity 12151K, committed 12160K, reserved 1048576K
GC Heap History (10 events):
Event: 16.039 GC heap before
{Heap before GC invocations=15 (full 3):
 PSYoungGen      total 191488K, used 10414K [0x00000000e0000000, 0x00000000edb00000, 0x0000000100000000)
  eden space 172032K, 0% used [0x00000000e0000000,0x00000000e0000000,0x00000000ea800000)
  from space 19456K, 53% used [0x00000000eba80000,0x00000000ec4abba8,0x00000000ecd80000)
  to   space 18944K, 0% used [0x00000000ea800000,0x00000000ea800000,0x00000000eba80000)
 ParOldGen       total 91648K, used 35419K [0x00000000a0000000, 0x00000000a5980000, 0x00000000e0000000)
  object space 91648K, 38% used [0x00000000a0000000,0x00000000a2296ec0,0x00000000a5980000)
 Metaspace       used 57181K, capacity 59128K, committed 59160K, reserved 1099776K
  class space    used 7710K, capacity 8161K, committed 8192K, reserved 1048576K
Event: 16.422 GC heap after
Heap after GC invocations=15 (full 3):
 PSYoungGen      total 191488K, used 0K [0x00000000e0000000, 0x00000000edb00000, 0x0000000100000000)
  eden space 172032K, 0% used [0x00000000e0000000,0x00000000e0000000,0x00000000ea800000)
  from space 19456K, 0% used [0x00000000eba80000,0x00000000eba80000,0x00000000ecd80000)
  to   space 18944K, 0% used [0x00000000ea800000,0x00000000ea800000,0x00000000eba80000)
 ParOldGen       total 136192K, used 30768K [0x00000000a0000000, 0x00000000a8500000, 0x00000000e0000000)
  object space 136192K, 22% used [0x00000000a0000000,0x00000000a1e0c380,0x00000000a8500000)
 Metaspace       used 57098K, capacity 58848K, committed 59160K, reserved 1099776K
  class space    used 7686K, capacity 8121K, committed 8192K, reserved 1048576K
}
Event: 19.094 GC heap before
{Heap before GC invocations=16 (full 3):
 PSYoungGen      total 191488K, used 172032K [0x00000000e0000000, 0x00000000edb00000, 0x0000000100000000)
  eden space 172032K, 100% used [0x00000000e0000000,0x00000000ea800000,0x00000000ea800000)
  from space 19456K, 0% used [0x00000000eba80000,0x00000000eba80000,0x00000000ecd80000)
  to   space 18944K, 0% used [0x00000000ea800000,0x00000000ea800000,0x00000000eba80000)
 ParOldGen       total 136192K, used 30768K [0x00000000a0000000, 0x00000000a8500000, 0x00000000e0000000)
  object space 136192K, 22% used [0x00000000a0000000,0x00000000a1e0c380,0x00000000a8500000)
 Metaspace       used 65083K, capacity 67286K, committed 67584K, reserved 1107968K
  class space    used 8912K, capacity 9398K, committed 9472K, reserved 1048576K
Event: 19.119 GC heap after
Heap after GC invocations=16 (full 3):
 PSYoungGen      total 190976K, used 14661K [0x00000000e0000000, 0x00000000eec00000, 0x0000000100000000)
  eden space 172032K, 0% used [0x00000000e0000000,0x00000000e0000000,0x00000000ea800000)
  from space 18944K, 77% used [0x00000000ea800000,0x00000000eb6515c0,0x00000000eba80000)
  to   space 19968K, 0% used [0x00000000ed880000,0x00000000ed880000,0x00000000eec00000)
 ParOldGen       total 136192K, used 30776K [0x00000000a0000000, 0x00000000a8500000, 0x00000000e0000000)
  object space 136192K, 22% used [0x00000000a0000000,0x00000000a1e0e380,0x00000000a8500000)
 Metaspace       used 65083K, capacity 67286K, committed 67584K, reserved 1107968K
  class space    used 8912K, capacity 9398K, committed 9472K, reserved 1048576K
}
Event: 262.727 GC heap before
{Heap before GC invocations=17 (full 3):
 PSYoungGen      total 190976K, used 186693K [0x00000000e0000000, 0x00000000eec00000, 0x0000000100000000)
  eden space 172032K, 100% used [0x00000000e0000000,0x00000000ea800000,0x00000000ea800000)
  from space 18944K, 77% used [0x00000000ea800000,0x00000000eb6515c0,0x00000000eba80000)
  to   space 19968K, 0% used [0x00000000ed880000,0x00000000ed880000,0x00000000eec00000)
 ParOldGen       total 136192K, used 30776K [0x00000000a0000000, 0x00000000a8500000, 0x00000000e0000000)
  object space 136192K, 22% used [0x00000000a0000000,0x00000000a1e0e380,0x00000000a8500000)
 Metaspace       used 73554K, capacity 77722K, committed 77824K, reserved 1116160K
  class space    used 9883K, capacity 10717K, committed 10752K, reserved 1048576K
Event: 262.774 GC heap after
Heap after GC invocations=17 (full 3):
 PSYoungGen      total 216064K, used 19949K [0x00000000e0000000, 0x00000000ef080000, 0x0000000100000000)
  eden space 196096K, 0% used [0x00000000e0000000,0x00000000e0000000,0x00000000ebf80000)
  from space 19968K, 99% used [0x00000000ed880000,0x00000000eebfb580,0x00000000eec00000)
  to   space 25088K, 0% used [0x00000000ebf80000,0x00000000ebf80000,0x00000000ed800000)
 ParOldGen       total 136192K, used 36541K [0x00000000a0000000, 0x00000000a8500000, 0x00000000e0000000)
  object space 136192K, 26% used [0x00000000a0000000,0x00000000a23af608,0x00000000a8500000)
 Metaspace       used 73554K, capacity 77722K, committed 77824K, reserved 1116160K
  class space    used 9883K, capacity 10717K, committed 10752K, reserved 1048576K
}
Event: 266.719 GC heap before
{Heap before GC invocations=18 (full 3):
 PSYoungGen      total 216064K, used 216045K [0x00000000e0000000, 0x00000000ef080000, 0x0000000100000000)
  eden space 196096K, 100% used [0x00000000e0000000,0x00000000ebf80000,0x00000000ebf80000)
  from space 19968K, 99% used [0x00000000ed880000,0x00000000eebfb580,0x00000000eec00000)
  to   space 25088K, 0% used [0x00000000ebf80000,0x00000000ebf80000,0x00000000ed800000)
 ParOldGen       total 136192K, used 36541K [0x00000000a0000000, 0x00000000a8500000, 0x00000000e0000000)
  object space 136192K, 26% used [0x00000000a0000000,0x00000000a23af608,0x00000000a8500000)
 Metaspace       used 78020K, capacity 82418K, committed 82560K, reserved 1120256K
  class space    used 10394K, capacity 11293K, committed 11392K, reserved 1048576K
Event: 266.752 GC heap after
Heap after GC invocations=18 (full 3):
 PSYoungGen      total 221184K, used 25068K [0x00000000e0000000, 0x00000000f1200000, 0x0000000100000000)
  eden space 196096K, 0% used [0x00000000e0000000,0x00000000e0000000,0x00000000ebf80000)
  from space 25088K, 99% used [0x00000000ebf80000,0x00000000ed7fb338,0x00000000ed800000)
  to   space 29696K, 0% used [0x00000000ef500000,0x00000000ef500000,0x00000000f1200000)
 ParOldGen       total 136192K, used 39428K [0x00000000a0000000, 0x00000000a8500000, 0x00000000e0000000)
  object space 136192K, 28% used [0x00000000a0000000,0x00000000a2681190,0x00000000a8500000)
 Metaspace       used 78020K, capacity 82418K, committed 82560K, reserved 1120256K
  class space    used 10394K, capacity 11293K, committed 11392K, reserved 1048576K
}
Event: 270.874 GC heap before
{Heap before GC invocations=19 (full 3):
 PSYoungGen      total 221184K, used 221164K [0x00000000e0000000, 0x00000000f1200000, 0x0000000100000000)
  eden space 196096K, 100% used [0x00000000e0000000,0x00000000ebf80000,0x00000000ebf80000)
  from space 25088K, 99% used [0x00000000ebf80000,0x00000000ed7fb338,0x00000000ed800000)
  to   space 29696K, 0% used [0x00000000ef500000,0x00000000ef500000,0x00000000f1200000)
 ParOldGen       total 136192K, used 39428K [0x00000000a0000000, 0x00000000a8500000, 0x00000000e0000000)
  object space 136192K, 28% used [0x00000000a0000000,0x00000000a2681190,0x00000000a8500000)
 Metaspace       used 80587K, capacity 85038K, committed 85120K, reserved 1122304K
  class space    used 10691K, capacity 11597K, committed 11648K, reserved 1048576K
Event: 270.938 GC heap after
Heap after GC invocations=19 (full 3):
 PSYoungGen      total 249856K, used 13915K [0x00000000e0000000, 0x00000000f1000000, 0x0000000100000000)
  eden space 222208K, 0% used [0x00000000e0000000,0x00000000e0000000,0x00000000ed900000)
  from space 27648K, 50% used [0x00000000ef500000,0x00000000f0296df8,0x00000000f1000000)
  to   space 28160K, 0% used [0x00000000ed900000,0x00000000ed900000,0x00000000ef480000)
 ParOldGen       total 136192K, used 58481K [0x00000000a0000000, 0x00000000a8500000, 0x00000000e0000000)
  object space 136192K, 42% used [0x00000000a0000000,0x00000000a391c440,0x00000000a8500000)
 Metaspace       used 80587K, capacity 85038K, committed 85120K, reserved 1122304K
  class space    used 10691K, capacity 11597K, committed 11648K, reserved 1048576K
}

