# JRE version: OpenJDK Runtime Environment (8.0_212-b04) (build 1.8.0_212-release-1586-b04)
# Java VM: OpenJDK 64-Bit Server VM (25.212-b04 mixed mode windows-amd64 compressed oops)
Heap:
 PSYoungGen      total 256000K, used 139367K [0x00000000e0000000, 0x00000000f2b80000, 0x0000000100000000)
  eden space 236032K, 56% used [0x00000000e0000000,0x00000000e82e6440,0x00000000ee680000)
  from space 19968K, 26% used [0x00000000ee680000,0x00000000eebb3958,0x00000000efa00000)
  to   space 19968K, 0% used [0x00000000f1800000,0x00000000f1800000,0x00000000f2b80000)
 ParOldGen       total 131072K, used 46372K [0x00000000a0000000, 0x00000000a8000000, 0x00000000e0000000)
  object space 131072K, 35% used [0x00000000a0000000,0x00000000a2d493f8,0x00000000a8000000)
 Metaspace       used 77733K, capacity 82974K, committed 83160K, reserved 1120256K
  class space    used 10742K, capacity 11690K, committed 11736K, reserved 1048576K
GC Heap History (10 events):
Event: 16.902 GC heap before
{Heap before GC invocations=14 (full 2):
 PSYoungGen      total 178688K, used 109389K [0x00000000e0000000, 0x00000000eec80000, 0x0000000100000000)
  eden space 165888K, 58% used [0x00000000e0000000,0x00000000e5e54030,0x00000000ea200000)
  from space 12800K, 99% used [0x00000000ea200000,0x00000000eae7f560,0x00000000eae80000)
  to   space 17408K, 0% used [0x00000000edb80000,0x00000000edb80000,0x00000000eec80000)
 ParOldGen       total 80384K, used 23488K [0x00000000a0000000, 0x00000000a4e80000, 0x00000000e0000000)
  object space 80384K, 29% used [0x00000000a0000000,0x00000000a16f00e8,0x00000000a4e80000)
 Metaspace       used 56961K, capacity 59022K, committed 59096K, reserved 1099776K
  class space    used 7890K, capacity 8336K, committed 8408K, reserved 1048576K
Event: 16.933 GC heap after
Heap after GC invocations=14 (full 2):
 PSYoungGen      total 219648K, used 10189K [0x00000000e0000000, 0x00000000eea00000, 0x0000000100000000)
  eden space 204800K, 0% used [0x00000000e0000000,0x00000000e0000000,0x00000000ec800000)
  from space 14848K, 68% used [0x00000000edb80000,0x00000000ee5736e8,0x00000000eea00000)
  to   space 17408K, 0% used [0x00000000ec800000,0x00000000ec800000,0x00000000ed900000)
 ParOldGen       total 80384K, used 33638K [0x00000000a0000000, 0x00000000a4e80000, 0x00000000e0000000)
  object space 80384K, 41% used [0x00000000a0000000,0x00000000a20d9990,0x00000000a4e80000)
 Metaspace       used 56961K, capacity 59022K, committed 59096K, reserved 1099776K
  class space    used 7890K, capacity 8336K, committed 8408K, reserved 1048576K
}
Event: 16.933 GC heap before
{Heap before GC invocations=15 (full 3):
 PSYoungGen      total 219648K, used 10189K [0x00000000e0000000, 0x00000000eea00000, 0x0000000100000000)
  eden space 204800K, 0% used [0x00000000e0000000,0x00000000e0000000,0x00000000ec800000)
  from space 14848K, 68% used [0x00000000edb80000,0x00000000ee5736e8,0x00000000eea00000)
  to   space 17408K, 0% used [0x00000000ec800000,0x00000000ec800000,0x00000000ed900000)
 ParOldGen       total 80384K, used 33638K [0x00000000a0000000, 0x00000000a4e80000, 0x00000000e0000000)
  object space 80384K, 41% used [0x00000000a0000000,0x00000000a20d9990,0x00000000a4e80000)
 Metaspace       used 56961K, capacity 59022K, committed 59096K, reserved 1099776K
  class space    used 7890K, capacity 8336K, committed 8408K, reserved 1048576K
Event: 17.565 GC heap after
Heap after GC invocations=15 (full 3):
 PSYoungGen      total 219648K, used 0K [0x00000000e0000000, 0x00000000eea00000, 0x0000000100000000)
  eden space 204800K, 0% used [0x00000000e0000000,0x00000000e0000000,0x00000000ec800000)
  from space 14848K, 0% used [0x00000000edb80000,0x00000000edb80000,0x00000000eea00000)
  to   space 17408K, 0% used [0x00000000ec800000,0x00000000ec800000,0x00000000ed900000)
 ParOldGen       total 131072K, used 33912K [0x00000000a0000000, 0x00000000a8000000, 0x00000000e0000000)
  object space 131072K, 25% used [0x00000000a0000000,0x00000000a211e168,0x00000000a8000000)
 Metaspace       used 56838K, capacity 58666K, committed 59096K, reserved 1099776K
  class space    used 7853K, capacity 8270K, committed 8408K, reserved 1048576K
}
Event: 21.026 GC heap before
{Heap before GC invocations=16 (full 3):
 PSYoungGen      total 219648K, used 204800K [0x00000000e0000000, 0x00000000eea00000, 0x0000000100000000)
  eden space 204800K, 100% used [0x00000000e0000000,0x00000000ec800000,0x00000000ec800000)
  from space 14848K, 0% used [0x00000000edb80000,0x00000000edb80000,0x00000000eea00000)
  to   space 17408K, 0% used [0x00000000ec800000,0x00000000ec800000,0x00000000ed900000)
 ParOldGen       total 131072K, used 33912K [0x00000000a0000000, 0x00000000a8000000, 0x00000000e0000000)
  object space 131072K, 25% used [0x00000000a0000000,0x00000000a211e168,0x00000000a8000000)
 Metaspace       used 68200K, capacity 71826K, committed 72152K, reserved 1112064K
  class space    used 9444K, capacity 10120K, committed 10200K, reserved 1048576K
Event: 21.069 GC heap after
Heap after GC invocations=16 (full 3):
 PSYoungGen      total 222208K, used 17390K [0x00000000e0000000, 0x00000000f0f00000, 0x0000000100000000)
  eden space 204800K, 0% used [0x00000000e0000000,0x00000000e0000000,0x00000000ec800000)
  from space 17408K, 99% used [0x00000000ec800000,0x00000000ed8fbab0,0x00000000ed900000)
  to   space 20480K, 0% used [0x00000000efb00000,0x00000000efb00000,0x00000000f0f00000)
 ParOldGen       total 131072K, used 36240K [0x00000000a0000000, 0x00000000a8000000, 0x00000000e0000000)
  object space 131072K, 27% used [0x00000000a0000000,0x00000000a2364348,0x00000000a8000000)
 Metaspace       used 68200K, capacity 71826K, committed 72152K, reserved 1112064K
  class space    used 9444K, capacity 10120K, committed 10200K, reserved 1048576K
}
Event: 22.959 GC heap before
{Heap before GC invocations=17 (full 3):
 PSYoungGen      total 222208K, used 222190K [0x00000000e0000000, 0x00000000f0f00000, 0x0000000100000000)
  eden space 204800K, 100% used [0x00000000e0000000,0x00000000ec800000,0x00000000ec800000)
  from space 17408K, 99% used [0x00000000ec800000,0x00000000ed8fbab0,0x00000000ed900000)
  to   space 20480K, 0% used [0x00000000efb00000,0x00000000efb00000,0x00000000f0f00000)
 ParOldGen       total 131072K, used 36240K [0x00000000a0000000, 0x00000000a8000000, 0x00000000e0000000)
  object space 131072K, 27% used [0x00000000a0000000,0x00000000a2364348,0x00000000a8000000)
 Metaspace       used 75791K, capacity 80830K, committed 80984K, reserved 1118208K
  class space    used 10616K, capacity 11540K, committed 11608K, reserved 1048576K
Event: 22.994 GC heap after
Heap after GC invocations=17 (full 3):
 PSYoungGen      total 254976K, used 11236K [0x00000000e0000000, 0x00000000f0d80000, 0x0000000100000000)
  eden space 236032K, 0% used [0x00000000e0000000,0x00000000e0000000,0x00000000ee680000)
  from space 18944K, 59% used [0x00000000efb00000,0x00000000f05f93f8,0x00000000f0d80000)
  to   space 19968K, 0% used [0x00000000ee680000,0x00000000ee680000,0x00000000efa00000)
 ParOldGen       total 131072K, used 46364K [0x00000000a0000000, 0x00000000a8000000, 0x00000000e0000000)
  object space 131072K, 35% used [0x00000000a0000000,0x00000000a2d473f8,0x00000000a8000000)
 Metaspace       used 75791K, capacity 80830K, committed 80984K, reserved 1118208K
  class space    used 10616K, capacity 11540K, committed 11608K, reserved 1048576K
}
Event: 25.036 GC heap before
{Heap before GC invocations=18 (full 3):
 PSYoungGen      total 254976K, used 247268K [0x00000000e0000000, 0x00000000f0d80000, 0x0000000100000000)
  eden space 236032K, 100% used [0x00000000e0000000,0x00000000ee680000,0x00000000ee680000)
  from space 18944K, 59% used [0x00000000efb00000,0x00000000f05f93f8,0x00000000f0d80000)
  to   space 19968K, 0% used [0x00000000ee680000,0x00000000ee680000,0x00000000efa00000)
 ParOldGen       total 131072K, used 46364K [0x00000000a0000000, 0x00000000a8000000, 0x00000000e0000000)
  object space 131072K, 35% used [0x00000000a0000000,0x00000000a2d473f8,0x00000000a8000000)
 Metaspace       used 77076K, capacity 82330K, committed 82392K, reserved 1120256K
  class space    used 10741K, capacity 11688K, committed 11736K, reserved 1048576K
Event: 25.047 GC heap after
Heap after GC invocations=18 (full 3):
 PSYoungGen      total 256000K, used 5326K [0x00000000e0000000, 0x00000000f2b80000, 0x0000000100000000)
  eden space 236032K, 0% used [0x00000000e0000000,0x00000000e0000000,0x00000000ee680000)
  from space 19968K, 26% used [0x00000000ee680000,0x00000000eebb3958,0x00000000efa00000)
  to   space 19968K, 0% used [0x00000000f1800000,0x00000000f1800000,0x00000000f2b80000)
 ParOldGen       total 131072K, used 46372K [0x00000000a0000000, 0x00000000a8000000, 0x00000000e0000000)
  object space 131072K, 35% used [0x00000000a0000000,0x00000000a2d493f8,0x00000000a8000000)
 Metaspace       used 77076K, capacity 82330K, committed 82392K, reserved 1120256K
  class space    used 10741K, capacity 11688K, committed 11736K, reserved 1048576K
}

